[ 10066.441] 
X.Org X Server 1.21.1.22
X Protocol Version 11, Revision 0
[ 10066.441] Current Operating System: Linux thinkbox 6.18.26-2-lts #1 SMP PREEMPT_DYNAMIC Fri, 01 May 2026 16:13:48 +0000 x86_64
[ 10066.441] Kernel command line: BOOT_IMAGE=/vmlinuz-linux-lts root=/dev/mapper/vg0-root rw cryptdevice=UUID=7cae9de8-3ae9-48e9-8411-444d03fc983d:cryptlvm root=/dev/vg0/root loglevel=3 quiet intel_iommu=on iommu=pt
[ 10066.441]  
[ 10066.441] Current version of pixman: 0.46.4
[ 10066.441] 	Before reporting problems, check http://wiki.x.org
	to make sure that you have the latest version.
[ 10066.441] Markers: (--) probed, (**) from config file, (==) default setting,
	(++) from command line, (!!) notice, (II) informational,
	(WW) warning, (EE) error, (NI) not implemented, (??) unknown.
[ 10066.442] (==) Log file: "/home/ka/.local/share/xorg/Xorg.0.log", Time: Wed Jun  3 15:28:22 2026
[ 10066.442] (==) Using system config directory "/usr/share/X11/xorg.conf.d"
[ 10066.442] (==) No Layout section.  Using the first Screen section.
[ 10066.442] (==) No screen section available. Using defaults.
[ 10066.442] (**) |-->Screen "Default Screen Section" (0)
[ 10066.442] (**) |   |-->Monitor "<default monitor>"
[ 10066.442] (==) No monitor specified for screen "Default Screen Section".
	Using a default monitor configuration.
[ 10066.442] (**) Allowing byte-swapped clients
[ 10066.442] (==) Automatically adding devices
[ 10066.442] (==) Automatically enabling devices
[ 10066.442] (==) Automatically adding GPU devices
[ 10066.442] (==) Automatically binding GPU devices
[ 10066.442] (==) Max clients allowed: 256, resource mask: 0x1fffff
[ 10066.442] (WW) The directory "/usr/share/fonts/misc" does not exist.
[ 10066.442] 	Entry deleted from font path.
[ 10066.442] (WW) `fonts.dir' not found (or not valid) in "/usr/share/fonts/TTF".
[ 10066.442] 	Entry deleted from font path.
[ 10066.442] 	(Run 'mkfontdir' on "/usr/share/fonts/TTF").
[ 10066.442] (WW) The directory "/usr/share/fonts/OTF" does not exist.
[ 10066.442] 	Entry deleted from font path.
[ 10066.442] (WW) The directory "/usr/share/fonts/Type1" does not exist.
[ 10066.442] 	Entry deleted from font path.
[ 10066.442] (WW) The directory "/usr/share/fonts/100dpi" does not exist.
[ 10066.442] 	Entry deleted from font path.
[ 10066.442] (WW) The directory "/usr/share/fonts/75dpi" does not exist.
[ 10066.442] 	Entry deleted from font path.
[ 10066.442] (==) FontPath set to:
	
[ 10066.442] (==) ModulePath set to "/usr/lib/xorg/modules"
[ 10066.442] (II) The server relies on udev to provide the list of input devices.
	If no devices become available, reconfigure udev or disable AutoAddDevices.
[ 10066.442] (II) Module ABI versions:
[ 10066.442] 	X.Org ANSI C Emulation: 0.4
[ 10066.442] 	X.Org Video Driver: 25.2
[ 10066.442] 	X.Org XInput driver : 24.4
[ 10066.442] 	X.Org Server Extension : 10.0
[ 10066.443] (++) using VT number 1

[ 10066.444] (II) systemd-logind: took control of session /org/freedesktop/login1/session/_320
[ 10066.446] (II) xfree86: Adding drm device (/dev/dri/card1)
[ 10066.446] (II) Platform probe for /sys/devices/pci0000:00/0000:00:02.0/drm/card1
[ 10066.446] (II) systemd-logind: got fd for /dev/dri/card1 226:1 fd 13 paused 0
[ 10066.448] (--) PCI:*(0@0:2:0) 8086:0166:17aa:21fa rev 9, Mem @ 0xf0000000/4194304, 0xe0000000/268435456, I/O @ 0x00006000/64, BIOS @ 0x????????/131072
[ 10066.448] (II) LoadModule: "glx"
[ 10066.448] (II) Loading /usr/lib/xorg/modules/extensions/libglx.so
[ 10066.449] (II) Module glx: vendor="X.Org Foundation"
[ 10066.449] 	compiled for 1.21.1.22, module version = 1.0.0
[ 10066.449] 	ABI class: X.Org Server Extension, version 10.0
[ 10066.449] (==) Matched intel as autoconfigured driver 0
[ 10066.449] (==) Matched modesetting as autoconfigured driver 1
[ 10066.449] (==) Matched fbdev as autoconfigured driver 2
[ 10066.449] (==) Matched vesa as autoconfigured driver 3
[ 10066.449] (==) Assigned the driver to the xf86ConfigLayout
[ 10066.449] (II) LoadModule: "intel"
[ 10066.449] (WW) Warning, couldn't open module intel
[ 10066.449] (EE) Failed to load module "intel" (module does not exist, 0)
[ 10066.449] (II) LoadModule: "modesetting"
[ 10066.449] (II) Loading /usr/lib/xorg/modules/drivers/modesetting_drv.so
[ 10066.449] (II) Module modesetting: vendor="X.Org Foundation"
[ 10066.449] 	compiled for 1.21.1.22, module version = 1.21.1
[ 10066.449] 	Module class: X.Org Video Driver
[ 10066.449] 	ABI class: X.Org Video Driver, version 25.2
[ 10066.449] (II) LoadModule: "fbdev"
[ 10066.449] (WW) Warning, couldn't open module fbdev
[ 10066.449] (EE) Failed to load module "fbdev" (module does not exist, 0)
[ 10066.449] (II) LoadModule: "vesa"
[ 10066.449] (WW) Warning, couldn't open module vesa
[ 10066.449] (EE) Failed to load module "vesa" (module does not exist, 0)
[ 10066.449] (II) modesetting: Driver for Modesetting Kernel Drivers: kms
[ 10066.450] (II) modeset(0): using drv /dev/dri/card1
[ 10066.450] (WW) VGA arbiter: cannot open kernel arbiter, no multi-card support
[ 10066.450] (II) modeset(0): Creating default Display subsection in Screen section
	"Default Screen Section" for depth/fbbpp 24/32
[ 10066.450] (==) modeset(0): Depth 24, (==) framebuffer bpp 32
[ 10066.450] (==) modeset(0): RGB weight 888
[ 10066.450] (==) modeset(0): Default visual is TrueColor
[ 10066.450] (II) Loading sub module "glamoregl"
[ 10066.450] (II) LoadModule: "glamoregl"
[ 10066.450] (II) Loading /usr/lib/xorg/modules/libglamoregl.so
[ 10066.452] (II) Module glamoregl: vendor="X.Org Foundation"
[ 10066.452] 	compiled for 1.21.1.22, module version = 1.0.1
[ 10066.452] 	ABI class: X.Org ANSI C Emulation, version 0.4
[ 10066.480] (II) modeset(0): glamor: Using OpenGL 4.2 context.
[ 10066.480] (II) modeset(0): glamor X acceleration enabled on Mesa Intel(R) HD Graphics 4000 (IVB GT2)
[ 10066.480] (II) modeset(0): glamor initialized
[ 10066.480] (==) modeset(0): VariableRefresh: disabled
[ 10066.480] (==) modeset(0): AsyncFlipSecondaries: disabled
[ 10066.480] (II) modeset(0): Output LVDS-1 has no monitor section
[ 10066.481] (II) modeset(0): Output VGA-1 has no monitor section
[ 10066.585] (II) modeset(0): Output HDMI-1 has no monitor section
[ 10066.589] (II) modeset(0): Output DP-1 has no monitor section
[ 10066.591] (II) modeset(0): Output HDMI-2 has no monitor section
[ 10066.592] (II) modeset(0): Output HDMI-3 has no monitor section
[ 10066.596] (II) modeset(0): Output DP-2 has no monitor section
[ 10066.600] (II) modeset(0): Output DP-3 has no monitor section
[ 10066.600] (II) modeset(0): EDID for output LVDS-1
[ 10066.600] (II) modeset(0): Manufacturer: LGD  Model: 3a3  Serial#: 0
[ 10066.600] (II) modeset(0): Year: 2012  Week: 0
[ 10066.600] (II) modeset(0): EDID Version: 1.3
[ 10066.600] (II) modeset(0): Digital Display Input
[ 10066.600] (II) modeset(0): Max Image Size [cm]: horiz.: 28  vert.: 16
[ 10066.600] (II) modeset(0): Gamma: 2.20
[ 10066.600] (II) modeset(0): DPMS capabilities: StandBy Suspend Off
[ 10066.600] (II) modeset(0): Supported color encodings: RGB 4:4:4 YCrCb 4:4:4 
[ 10066.600] (II) modeset(0): First detailed timing is preferred mode
[ 10066.600] (II) modeset(0): redX: 0.586 redY: 0.345   greenX: 0.340 greenY: 0.559
[ 10066.600] (II) modeset(0): blueX: 0.158 blueY: 0.127   whiteX: 0.313 whiteY: 0.329
[ 10066.600] (II) modeset(0): Manufacturer's mask: 0
[ 10066.600] (II) modeset(0): Supported detailed timing:
[ 10066.600] (II) modeset(0): clock: 69.7 MHz   Image Size:  277 x 156 mm
[ 10066.600] (II) modeset(0): h_active: 1366  h_sync: 1414  h_sync_end 1446 h_blank_end 1470 h_border: 0
[ 10066.600] (II) modeset(0): v_active: 768  v_sync: 770  v_sync_end 775 v_blanking: 790 v_border: 0
[ 10066.600] (II) modeset(0):  LG Display
[ 10066.600] (II) modeset(0):  LP125WH2-TLB2
[ 10066.600] (II) modeset(0): EDID (in hex):
[ 10066.600] (II) modeset(0): 	00ffffffffffff0030e4a30300000000
[ 10066.600] (II) modeset(0): 	00160103801c1078ea10a59658578f28
[ 10066.600] (II) modeset(0): 	20505400000001010101010101010101
[ 10066.600] (II) modeset(0): 	0101010101013a1b5668500016303020
[ 10066.600] (II) modeset(0): 	2500159c1000001b0000000000000000
[ 10066.600] (II) modeset(0): 	00000000000000000000000000fe004c
[ 10066.600] (II) modeset(0): 	4720446973706c61790a2020000000fe
[ 10066.600] (II) modeset(0): 	004c503132355748322d544c42320090
[ 10066.600] (II) modeset(0): Printing probed modes for output LVDS-1
[ 10066.600] (II) modeset(0): Modeline "1366x768"x60.0   69.70  1366 1414 1446 1470  768 770 775 790 +hsync -vsync (47.4 kHz eP)
[ 10066.600] (II) modeset(0): Modeline "1280x720"x120.0  156.12  1280 1376 1512 1744  720 721 724 746 doublescan -hsync +vsync (89.5 kHz d)
[ 10066.600] (II) modeset(0): Modeline "1280x720"x120.0  120.75  1280 1304 1320 1360  720 721 724 740 doublescan +hsync -vsync (88.8 kHz d)
[ 10066.600] (II) modeset(0): Modeline "1280x720"x59.9   74.50  1280 1344 1472 1664  720 723 728 748 -hsync +vsync (44.8 kHz d)
[ 10066.600] (II) modeset(0): Modeline "1280x720"x59.7   63.75  1280 1328 1360 1440  720 723 728 741 +hsync -vsync (44.3 kHz d)
[ 10066.600] (II) modeset(0): Modeline "1024x768"x120.1  133.47  1024 1100 1212 1400  768 768 770 794 doublescan -hsync +vsync (95.3 kHz d)
[ 10066.600] (II) modeset(0): Modeline "1024x768"x60.0   65.00  1024 1048 1184 1344  768 771 777 806 -hsync -vsync (48.4 kHz d)
[ 10066.600] (II) modeset(0): Modeline "960x720"x120.0  117.00  960 1024 1128 1300  720 720 722 750 doublescan -hsync +vsync (90.0 kHz d)
[ 10066.600] (II) modeset(0): Modeline "928x696"x120.1  109.15  928 976 1088 1264  696 696 698 719 doublescan -hsync +vsync (86.4 kHz d)
[ 10066.600] (II) modeset(0): Modeline "896x672"x120.0  102.40  896 960 1060 1224  672 672 674 697 doublescan -hsync +vsync (83.7 kHz d)
[ 10066.601] (II) modeset(0): Modeline "1024x576"x119.9   98.50  1024 1092 1200 1376  576 577 580 597 doublescan -hsync +vsync (71.6 kHz d)
[ 10066.601] (II) modeset(0): Modeline "1024x576"x119.9   78.38  1024 1048 1064 1104  576 577 580 592 doublescan +hsync -vsync (71.0 kHz d)
[ 10066.601] (II) modeset(0): Modeline "1024x576"x59.9   46.50  1024 1064 1160 1296  576 579 584 599 -hsync +vsync (35.9 kHz d)
[ 10066.601] (II) modeset(0): Modeline "1024x576"x59.8   42.00  1024 1072 1104 1184  576 579 584 593 +hsync -vsync (35.5 kHz d)
[ 10066.601] (II) modeset(0): Modeline "960x600"x119.9   96.62  960 1028 1128 1296  600 601 604 622 doublescan -hsync +vsync (74.6 kHz d)
[ 10066.601] (II) modeset(0): Modeline "960x600"x120.0   77.00  960 984 1000 1040  600 601 604 617 doublescan +hsync -vsync (74.0 kHz d)
[ 10066.601] (II) modeset(0): Modeline "960x540"x119.9   86.50  960 1024 1124 1288  540 541 544 560 doublescan -hsync +vsync (67.2 kHz d)
[ 10066.601] (II) modeset(0): Modeline "960x540"x120.0   69.25  960 984 1000 1040  540 541 544 555 doublescan +hsync -vsync (66.6 kHz d)
[ 10066.601] (II) modeset(0): Modeline "960x540"x59.6   40.75  960 992 1088 1216  540 543 548 562 -hsync +vsync (33.5 kHz d)
[ 10066.601] (II) modeset(0): Modeline "960x540"x59.8   37.25  960 1008 1040 1120  540 543 548 556 +hsync -vsync (33.3 kHz d)
[ 10066.601] (II) modeset(0): Modeline "800x600"x120.0   81.00  800 832 928 1080  600 600 602 625 doublescan +hsync +vsync (75.0 kHz d)
[ 10066.601] (II) modeset(0): Modeline "800x600"x60.3   40.00  800 840 968 1056  600 601 605 628 +hsync +vsync (37.9 kHz d)
[ 10066.601] (II) modeset(0): Modeline "800x600"x56.2   36.00  800 824 896 1024  600 601 603 625 +hsync +vsync (35.2 kHz d)
[ 10066.601] (II) modeset(0): Modeline "840x525"x120.0   73.12  840 892 980 1120  525 526 529 544 doublescan -hsync +vsync (65.3 kHz d)
[ 10066.601] (II) modeset(0): Modeline "840x525"x119.8   59.50  840 864 880 920  525 526 529 540 doublescan +hsync -vsync (64.7 kHz d)
[ 10066.601] (II) modeset(0): Modeline "864x486"x59.9   32.50  864 888 968 1072  486 489 494 506 -hsync +vsync (30.3 kHz d)
[ 10066.601] (II) modeset(0): Modeline "864x486"x59.6   30.50  864 912 944 1024  486 489 494 500 +hsync -vsync (29.8 kHz d)
[ 10066.601] (II) modeset(0): Modeline "700x525"x120.0   61.00  700 744 820 940  525 526 532 541 doublescan +hsync +vsync (64.9 kHz d)
[ 10066.601] (II) modeset(0): Modeline "800x450"x119.9   59.12  800 848 928 1056  450 451 454 467 doublescan -hsync +vsync (56.0 kHz d)
[ 10066.601] (II) modeset(0): Modeline "800x450"x119.6   48.75  800 824 840 880  450 451 454 463 doublescan +hsync -vsync (55.4 kHz d)
[ 10066.601] (II) modeset(0): Modeline "640x512"x120.0   54.00  640 664 720 844  512 512 514 533 doublescan +hsync +vsync (64.0 kHz d)
[ 10066.601] (II) modeset(0): Modeline "700x450"x119.9   51.75  700 740 812 924  450 451 456 467 doublescan -hsync +vsync (56.0 kHz d)
[ 10066.601] (II) modeset(0): Modeline "700x450"x119.8   43.25  700 724 740 780  450 451 456 463 doublescan +hsync -vsync (55.4 kHz d)
[ 10066.601] (II) modeset(0): Modeline "640x480"x120.0   54.00  640 688 744 900  480 480 482 500 doublescan +hsync +vsync (60.0 kHz d)
[ 10066.601] (II) modeset(0): Modeline "640x480"x59.9   25.18  640 656 752 800  480 490 492 525 -hsync -vsync (31.5 kHz d)
[ 10066.601] (II) modeset(0): Modeline "720x405"x59.5   22.50  720 744 808 896  405 408 413 422 -hsync +vsync (25.1 kHz d)
[ 10066.601] (II) modeset(0): Modeline "720x405"x59.0   21.75  720 768 800 880  405 408 413 419 +hsync -vsync (24.7 kHz d)
[ 10066.601] (II) modeset(0): Modeline "684x384"x119.8   42.62  684 720 788 892  384 385 390 399 doublescan -hsync +vsync (47.8 kHz d)
[ 10066.601] (II) modeset(0): Modeline "684x384"x119.7   36.12  684 708 724 764  384 385 390 395 doublescan +hsync -vsync (47.3 kHz d)
[ 10066.601] (II) modeset(0): Modeline "640x400"x119.8   41.75  640 676 740 840  400 401 404 415 doublescan -hsync +vsync (49.7 kHz d)
[ 10066.601] (II) modeset(0): Modeline "640x400"x120.0   35.50  640 664 680 720  400 401 404 411 doublescan +hsync -vsync (49.3 kHz d)
[ 10066.601] (II) modeset(0): Modeline "640x360"x119.7   37.25  640 672 736 832  360 361 364 374 doublescan -hsync +vsync (44.8 kHz d)
[ 10066.601] (II) modeset(0): Modeline "640x360"x119.7   31.88  640 664 680 720  360 361 364 370 doublescan +hsync -vsync (44.3 kHz d)
[ 10066.601] (II) modeset(0): Modeline "640x360"x59.8   18.00  640 664 720 800  360 363 368 376 -hsync +vsync (22.5 kHz d)
[ 10066.601] (II) modeset(0): Modeline "640x360"x59.3   17.75  640 688 720 800  360 363 368 374 +hsync -vsync (22.2 kHz d)
[ 10066.601] (II) modeset(0): Modeline "512x384"x120.0   32.50  512 524 592 672  384 385 388 403 doublescan -hsync -vsync (48.4 kHz d)
[ 10066.601] (II) modeset(0): Modeline "512x288"x120.0   23.25  512 532 580 648  288 289 292 299 doublescan -hsync +vsync (35.9 kHz d)
[ 10066.601] (II) modeset(0): Modeline "512x288"x119.8   21.00  512 536 552 592  288 289 292 296 doublescan +hsync -vsync (35.5 kHz d)
[ 10066.601] (II) modeset(0): Modeline "480x270"x119.3   20.38  480 496 544 608  270 271 274 281 doublescan -hsync +vsync (33.5 kHz d)
[ 10066.601] (II) modeset(0): Modeline "480x270"x119.6   18.62  480 504 520 560  270 271 274 278 doublescan +hsync -vsync (33.3 kHz d)
[ 10066.601] (II) modeset(0): Modeline "400x300"x120.6   20.00  400 420 484 528  300 300 302 314 doublescan +hsync +vsync (37.9 kHz d)
[ 10066.601] (II) modeset(0): Modeline "400x300"x112.7   18.00  400 412 448 512  300 300 301 312 doublescan +hsync +vsync (35.2 kHz d)
[ 10066.601] (II) modeset(0): Modeline "432x243"x119.8   16.25  432 444 484 536  243 244 247 253 doublescan -hsync +vsync (30.3 kHz d)
[ 10066.601] (II) modeset(0): Modeline "432x243"x119.1   15.25  432 456 472 512  243 244 247 250 doublescan +hsync -vsync (29.8 kHz d)
[ 10066.601] (II) modeset(0): Modeline "320x240"x120.1   12.59  320 328 376 400  240 245 246 262 doublescan -hsync -vsync (31.5 kHz d)
[ 10066.601] (II) modeset(0): Modeline "360x202"x119.0   11.25  360 372 404 448  202 204 206 211 doublescan -hsync +vsync (25.1 kHz d)
[ 10066.601] (II) modeset(0): Modeline "360x202"x118.3   10.88  360 384 400 440  202 204 206 209 doublescan +hsync -vsync (24.7 kHz d)
[ 10066.601] (II) modeset(0): Modeline "320x180"x119.7    9.00  320 332 360 400  180 181 184 188 doublescan -hsync +vsync (22.5 kHz d)
[ 10066.601] (II) modeset(0): Modeline "320x180"x118.6    8.88  320 344 360 400  180 181 184 187 doublescan +hsync -vsync (22.2 kHz d)
[ 10066.602] (II) modeset(0): EDID for output VGA-1
[ 10066.705] (II) modeset(0): EDID for output HDMI-1
[ 10066.709] (II) modeset(0): EDID for output DP-1
[ 10066.710] (II) modeset(0): EDID for output HDMI-2
[ 10066.712] (II) modeset(0): EDID for output HDMI-3
[ 10066.716] (II) modeset(0): EDID for output DP-2
[ 10066.720] (II) modeset(0): EDID for output DP-3
[ 10066.720] (II) modeset(0): Output LVDS-1 connected
[ 10066.720] (II) modeset(0): Output VGA-1 disconnected
[ 10066.720] (II) modeset(0): Output HDMI-1 disconnected
[ 10066.720] (II) modeset(0): Output DP-1 disconnected
[ 10066.720] (II) modeset(0): Output HDMI-2 disconnected
[ 10066.720] (II) modeset(0): Output HDMI-3 disconnected
[ 10066.720] (II) modeset(0): Output DP-2 disconnected
[ 10066.720] (II) modeset(0): Output DP-3 disconnected
[ 10066.720] (II) modeset(0): Using exact sizes for initial modes
[ 10066.720] (II) modeset(0): Output LVDS-1 using initial mode 1366x768 +0+0
[ 10066.720] (==) modeset(0): Using gamma correction (1.0, 1.0, 1.0)
[ 10066.720] (==) modeset(0): DPI set to (96, 96)
[ 10066.720] (II) Loading sub module "fb"
[ 10066.720] (II) LoadModule: "fb"
[ 10066.720] (II) Module "fb" already built-in
[ 10066.733] (==) modeset(0): Backing store enabled
[ 10066.733] (==) modeset(0): Silken mouse enabled
[ 10066.753] (II) modeset(0): Initializing kms color map for depth 24, 8 bpc.
[ 10066.754] (==) modeset(0): DPMS enabled
[ 10066.754] (II) modeset(0): [DRI2] Setup complete
[ 10066.754] (II) modeset(0): [DRI2]   DRI driver: crocus
[ 10066.754] (II) modeset(0): [DRI2]   VDPAU driver: va_gl
[ 10066.754] (II) Initializing extension Generic Event Extension
[ 10066.754] (II) Initializing extension SHAPE
[ 10066.754] (II) Initializing extension MIT-SHM
[ 10066.754] (II) Initializing extension XInputExtension
[ 10066.754] (II) Initializing extension XTEST
[ 10066.754] (II) Initializing extension BIG-REQUESTS
[ 10066.754] (II) Initializing extension SYNC
[ 10066.754] (II) Initializing extension XKEYBOARD
[ 10066.755] (II) Initializing extension XC-MISC
[ 10066.755] (II) Initializing extension SECURITY
[ 10066.755] (II) Initializing extension XFIXES
[ 10066.755] (II) Initializing extension RENDER
[ 10066.755] (II) Initializing extension RANDR
[ 10066.755] (II) Initializing extension COMPOSITE
[ 10066.755] (II) Initializing extension DAMAGE
[ 10066.755] (II) Initializing extension MIT-SCREEN-SAVER
[ 10066.755] (II) Initializing extension DOUBLE-BUFFER
[ 10066.755] (II) Initializing extension RECORD
[ 10066.756] (II) Initializing extension DPMS
[ 10066.756] (II) Initializing extension Present
[ 10066.756] (II) Initializing extension DRI3
[ 10066.756] (II) Initializing extension X-Resource
[ 10066.756] (II) Initializing extension XVideo
[ 10066.756] (II) Initializing extension XVideo-MotionCompensation
[ 10066.756] (II) Initializing extension GLX
[ 10066.764] (II) AIGLX: Loaded and initialized crocus
[ 10066.764] (II) GLX: Initialized DRI2 GL provider for screen 0
[ 10066.764] (II) Initializing extension XFree86-VidModeExtension
[ 10066.764] (II) Initializing extension XFree86-DGA
[ 10066.764] (II) Initializing extension XFree86-DRI
[ 10066.764] (II) Initializing extension DRI2
[ 10066.765] (II) modeset(0): Damage tracking initialized
[ 10066.765] (II) modeset(0): Setting screen physical size to 361 x 203
[ 10066.825] (II) config/udev: Adding input device Power Button (/dev/input/event2)
[ 10066.825] (**) Power Button: Applying InputClass "libinput keyboard catchall"
[ 10066.825] (II) LoadModule: "libinput"
[ 10066.826] (II) Loading /usr/lib/xorg/modules/input/libinput_drv.so
[ 10066.827] (II) Module libinput: vendor="X.Org Foundation"
[ 10066.827] 	compiled for 1.21.1.13, module version = 1.5.0
[ 10066.827] 	Module class: X.Org XInput Driver
[ 10066.827] 	ABI class: X.Org XInput driver, version 24.4
[ 10066.827] (II) Using input driver 'libinput' for 'Power Button'
[ 10066.828] (II) systemd-logind: got fd for /dev/input/event2 13:66 fd 25 paused 0
[ 10066.828] (**) Power Button: always reports core events
[ 10066.828] (**) Option "Device" "/dev/input/event2"
[ 10066.831] (II) event2  - Power Button: is tagged by udev as: Keyboard
[ 10066.831] (II) event2  - Power Button: device is a keyboard
[ 10066.831] (II) event2  - Power Button: device removed
[ 10066.831] (**) Option "config_info" "udev:/sys/devices/LNXSYSTM:00/LNXPWRBN:00/input/input2/event2"
[ 10066.831] (II) XINPUT: Adding extended input device "Power Button" (type: KEYBOARD, id 6)
[ 10066.832] (II) event2  - Power Button: is tagged by udev as: Keyboard
[ 10066.832] (II) event2  - Power Button: device is a keyboard
[ 10066.832] (II) config/udev: Adding input device Video Bus (/dev/input/event5)
[ 10066.832] (**) Video Bus: Applying InputClass "libinput keyboard catchall"
[ 10066.832] (II) Using input driver 'libinput' for 'Video Bus'
[ 10066.833] (II) systemd-logind: got fd for /dev/input/event5 13:69 fd 28 paused 0
[ 10066.833] (**) Video Bus: always reports core events
[ 10066.833] (**) Option "Device" "/dev/input/event5"
[ 10066.834] (II) event5  - Video Bus: is tagged by udev as: Keyboard
[ 10066.834] (II) event5  - Video Bus: device is a keyboard
[ 10066.834] (II) event5  - Video Bus: device removed
[ 10066.834] (**) Option "config_info" "udev:/sys/devices/LNXSYSTM:00/LNXSYBUS:00/PNP0A08:00/LNXVIDEO:00/input/input6/event5"
[ 10066.834] (II) XINPUT: Adding extended input device "Video Bus" (type: KEYBOARD, id 7)
[ 10066.836] (II) event5  - Video Bus: is tagged by udev as: Keyboard
[ 10066.836] (II) event5  - Video Bus: device is a keyboard
[ 10066.836] (II) config/udev: Adding input device Lid Switch (/dev/input/event0)
[ 10066.836] (II) No input driver specified, ignoring this device.
[ 10066.836] (II) This device may have been added with another device file.
[ 10066.837] (II) config/udev: Adding input device Sleep Button (/dev/input/event1)
[ 10066.837] (**) Sleep Button: Applying InputClass "libinput keyboard catchall"
[ 10066.837] (II) Using input driver 'libinput' for 'Sleep Button'
[ 10066.838] (II) systemd-logind: got fd for /dev/input/event1 13:65 fd 29 paused 0
[ 10066.838] (**) Sleep Button: always reports core events
[ 10066.838] (**) Option "Device" "/dev/input/event1"
[ 10066.839] (II) event1  - Sleep Button: is tagged by udev as: Keyboard
[ 10066.839] (II) event1  - Sleep Button: device is a keyboard
[ 10066.839] (II) event1  - Sleep Button: device removed
[ 10066.839] (**) Option "config_info" "udev:/sys/devices/LNXSYSTM:00/LNXSYBUS:00/PNP0C0E:00/input/input1/event1"
[ 10066.839] (II) XINPUT: Adding extended input device "Sleep Button" (type: KEYBOARD, id 8)
[ 10066.840] (II) event1  - Sleep Button: is tagged by udev as: Keyboard
[ 10066.840] (II) event1  - Sleep Button: device is a keyboard
[ 10066.842] (II) config/udev: Adding input device ThinkPad Essential Wireless Mouse (/dev/input/event4)
[ 10066.842] (**) ThinkPad Essential Wireless Mouse: Applying InputClass "libinput pointer catchall"
[ 10066.842] (II) Using input driver 'libinput' for 'ThinkPad Essential Wireless Mouse'
[ 10066.896] (II) systemd-logind: got fd for /dev/input/event4 13:68 fd 30 paused 0
[ 10066.896] (**) ThinkPad Essential Wireless Mouse: always reports core events
[ 10066.896] (**) Option "Device" "/dev/input/event4"
[ 10066.898] (II) event4  - ThinkPad Essential Wireless Mouse: is tagged by udev as: Mouse
[ 10066.898] (II) event4  - ThinkPad Essential Wireless Mouse: device is a pointer
[ 10066.899] (II) event4  - ThinkPad Essential Wireless Mouse: device removed
[ 10066.899] (II) libinput: ThinkPad Essential Wireless Mouse: Step value 0 was provided, libinput Fallback acceleration function is used.
[ 10066.899] (II) libinput: ThinkPad Essential Wireless Mouse: Step value 0 was provided, libinput Fallback acceleration function is used.
[ 10066.899] (II) libinput: ThinkPad Essential Wireless Mouse: Step value 0 was provided, libinput Fallback acceleration function is used.
[ 10066.899] (**) Option "config_info" "udev:/sys/devices/pci0000:00/0000:00:1a.0/usb2/2-1/2-1.2/2-1.2:1.0/0003:17EF:60AB.0001/input/input5/event4"
[ 10066.899] (II) XINPUT: Adding extended input device "ThinkPad Essential Wireless Mouse" (type: MOUSE, id 9)
[ 10066.899] (**) Option "AccelerationScheme" "none"
[ 10066.899] (**) ThinkPad Essential Wireless Mouse: (accel) selected scheme none/0
[ 10066.899] (**) ThinkPad Essential Wireless Mouse: (accel) acceleration factor: 2.000
[ 10066.899] (**) ThinkPad Essential Wireless Mouse: (accel) acceleration threshold: 4
[ 10066.901] (II) event4  - ThinkPad Essential Wireless Mouse: is tagged by udev as: Mouse
[ 10066.901] (II) event4  - ThinkPad Essential Wireless Mouse: device is a pointer
[ 10066.902] (II) config/udev: Adding input device ThinkPad Essential Wireless Mouse (/dev/input/mouse0)
[ 10066.902] (II) No input driver specified, ignoring this device.
[ 10066.902] (II) This device may have been added with another device file.
[ 10066.903] (II) config/udev: Adding input device HDA Intel PCH Mic (/dev/input/event8)
[ 10066.903] (II) No input driver specified, ignoring this device.
[ 10066.903] (II) This device may have been added with another device file.
[ 10066.904] (II) config/udev: Adding input device HDA Intel PCH Dock Mic (/dev/input/event9)
[ 10066.904] (II) No input driver specified, ignoring this device.
[ 10066.904] (II) This device may have been added with another device file.
[ 10066.904] (II) config/udev: Adding input device HDA Intel PCH Headphone (/dev/input/event10)
[ 10066.904] (II) No input driver specified, ignoring this device.
[ 10066.904] (II) This device may have been added with another device file.
[ 10066.905] (II) config/udev: Adding input device HDA Intel PCH Dock Headphone (/dev/input/event11)
[ 10066.905] (II) No input driver specified, ignoring this device.
[ 10066.905] (II) This device may have been added with another device file.
[ 10066.905] (II) config/udev: Adding input device HDA Intel PCH HDMI/DP,pcm=3 (/dev/input/event12)
[ 10066.905] (II) No input driver specified, ignoring this device.
[ 10066.905] (II) This device may have been added with another device file.
[ 10066.906] (II) config/udev: Adding input device HDA Intel PCH HDMI/DP,pcm=7 (/dev/input/event13)
[ 10066.906] (II) No input driver specified, ignoring this device.
[ 10066.906] (II) This device may have been added with another device file.
[ 10066.906] (II) config/udev: Adding input device HDA Intel PCH HDMI/DP,pcm=8 (/dev/input/event14)
[ 10066.906] (II) No input driver specified, ignoring this device.
[ 10066.906] (II) This device may have been added with another device file.
[ 10066.907] (II) config/udev: Adding input device AT Translated Set 2 keyboard (/dev/input/event3)
[ 10066.907] (**) AT Translated Set 2 keyboard: Applying InputClass "libinput keyboard catchall"
[ 10066.907] (II) Using input driver 'libinput' for 'AT Translated Set 2 keyboard'
[ 10066.909] (II) systemd-logind: got fd for /dev/input/event3 13:67 fd 31 paused 0
[ 10066.909] (**) AT Translated Set 2 keyboard: always reports core events
[ 10066.909] (**) Option "Device" "/dev/input/event3"
[ 10066.910] (II) event3  - AT Translated Set 2 keyboard: is tagged by udev as: Keyboard
[ 10066.910] (II) event3  - AT Translated Set 2 keyboard: device is a keyboard
[ 10066.910] (II) event3  - AT Translated Set 2 keyboard: device removed
[ 10066.911] (**) Option "config_info" "udev:/sys/devices/platform/i8042/serio0/input/input3/event3"
[ 10066.911] (II) XINPUT: Adding extended input device "AT Translated Set 2 keyboard" (type: KEYBOARD, id 10)
[ 10066.912] (II) event3  - AT Translated Set 2 keyboard: is tagged by udev as: Keyboard
[ 10066.912] (II) event3  - AT Translated Set 2 keyboard: device is a keyboard
[ 10066.913] (II) config/udev: Adding input device SynPS/2 Synaptics TouchPad (/dev/input/event15)
[ 10066.913] (**) SynPS/2 Synaptics TouchPad: Applying InputClass "libinput touchpad catchall"
[ 10066.913] (II) Using input driver 'libinput' for 'SynPS/2 Synaptics TouchPad'
[ 10066.914] (II) systemd-logind: got fd for /dev/input/event15 13:79 fd 32 paused 0
[ 10066.914] (**) SynPS/2 Synaptics TouchPad: always reports core events
[ 10066.914] (**) Option "Device" "/dev/input/event15"
[ 10066.915] (II) event15 - SynPS/2 Synaptics TouchPad: is tagged by udev as: Touchpad
[ 10066.917] (II) event15 - SynPS/2 Synaptics TouchPad: device is a touchpad
[ 10066.917] (II) event15 - SynPS/2 Synaptics TouchPad: device removed
[ 10066.917] (II) libinput: SynPS/2 Synaptics TouchPad: Step value 0 was provided, libinput Fallback acceleration function is used.
[ 10066.917] (II) libinput: SynPS/2 Synaptics TouchPad: Step value 0 was provided, libinput Fallback acceleration function is used.
[ 10066.917] (II) libinput: SynPS/2 Synaptics TouchPad: Step value 0 was provided, libinput Fallback acceleration function is used.
[ 10066.917] (**) Option "config_info" "udev:/sys/devices/platform/i8042/serio1/input/input33/event15"
[ 10066.917] (II) XINPUT: Adding extended input device "SynPS/2 Synaptics TouchPad" (type: TOUCHPAD, id 11)
[ 10066.919] (**) Option "AccelerationScheme" "none"
[ 10066.919] (**) SynPS/2 Synaptics TouchPad: (accel) selected scheme none/0
[ 10066.919] (**) SynPS/2 Synaptics TouchPad: (accel) acceleration factor: 2.000
[ 10066.919] (**) SynPS/2 Synaptics TouchPad: (accel) acceleration threshold: 4
[ 10066.920] (II) event15 - SynPS/2 Synaptics TouchPad: is tagged by udev as: Touchpad
[ 10066.921] (II) event15 - SynPS/2 Synaptics TouchPad: device is a touchpad
[ 10066.922] (II) config/udev: Adding input device SynPS/2 Synaptics TouchPad (/dev/input/mouse1)
[ 10066.922] (II) No input driver specified, ignoring this device.
[ 10066.922] (II) This device may have been added with another device file.
[ 10066.923] (II) config/udev: Adding input device TPPS/2 IBM TrackPoint (/dev/input/event16)
[ 10066.923] (**) TPPS/2 IBM TrackPoint: Applying InputClass "libinput pointer catchall"
[ 10066.923] (II) Using input driver 'libinput' for 'TPPS/2 IBM TrackPoint'
[ 10066.924] (II) systemd-logind: got fd for /dev/input/event16 13:80 fd 33 paused 0
[ 10066.924] (**) TPPS/2 IBM TrackPoint: always reports core events
[ 10066.924] (**) Option "Device" "/dev/input/event16"
[ 10066.926] (II) event16 - TPPS/2 IBM TrackPoint: is tagged by udev as: Mouse Pointingstick
[ 10066.926] (II) event16 - TPPS/2 IBM TrackPoint: trackpoint multiplier is 0.25
[ 10066.926] (II) event16 - TPPS/2 IBM TrackPoint: device is a pointer
[ 10066.927] (II) event16 - TPPS/2 IBM TrackPoint: device removed
[ 10066.927] (II) libinput: TPPS/2 IBM TrackPoint: Step value 0 was provided, libinput Fallback acceleration function is used.
[ 10066.927] (II) libinput: TPPS/2 IBM TrackPoint: Step value 0 was provided, libinput Fallback acceleration function is used.
[ 10066.927] (II) libinput: TPPS/2 IBM TrackPoint: Step value 0 was provided, libinput Fallback acceleration function is used.
[ 10066.927] (**) Option "config_info" "udev:/sys/devices/platform/i8042/serio1/serio2/input/input42/event16"
[ 10066.927] (II) XINPUT: Adding extended input device "TPPS/2 IBM TrackPoint" (type: MOUSE, id 12)
[ 10066.927] (**) Option "AccelerationScheme" "none"
[ 10066.927] (**) TPPS/2 IBM TrackPoint: (accel) selected scheme none/0
[ 10066.927] (**) TPPS/2 IBM TrackPoint: (accel) acceleration factor: 2.000
[ 10066.927] (**) TPPS/2 IBM TrackPoint: (accel) acceleration threshold: 4
[ 10066.928] (II) event16 - TPPS/2 IBM TrackPoint: is tagged by udev as: Mouse Pointingstick
[ 10066.928] (II) event16 - TPPS/2 IBM TrackPoint: trackpoint multiplier is 0.25
[ 10066.928] (II) event16 - TPPS/2 IBM TrackPoint: device is a pointer
[ 10066.930] (II) config/udev: Adding input device TPPS/2 IBM TrackPoint (/dev/input/mouse2)
[ 10066.930] (II) No input driver specified, ignoring this device.
[ 10066.930] (II) This device may have been added with another device file.
[ 10066.930] (II) config/udev: Adding input device PC Speaker (/dev/input/event7)
[ 10066.930] (II) No input driver specified, ignoring this device.
[ 10066.930] (II) This device may have been added with another device file.
[ 10066.934] (II) config/udev: Adding input device ThinkPad Extra Buttons (/dev/input/event6)
[ 10066.934] (**) ThinkPad Extra Buttons: Applying InputClass "libinput keyboard catchall"
[ 10066.934] (II) Using input driver 'libinput' for 'ThinkPad Extra Buttons'
[ 10066.936] (II) systemd-logind: got fd for /dev/input/event6 13:70 fd 34 paused 0
[ 10066.936] (**) ThinkPad Extra Buttons: always reports core events
[ 10066.936] (**) Option "Device" "/dev/input/event6"
[ 10066.937] (II) event6  - ThinkPad Extra Buttons: is tagged by udev as: Keyboard Switch
[ 10066.937] (II) event6  - ThinkPad Extra Buttons: device is a keyboard
[ 10066.937] (II) event6  - ThinkPad Extra Buttons: device removed
[ 10066.937] (**) Option "config_info" "udev:/sys/devices/platform/thinkpad_acpi/input/input32/event6"
[ 10066.937] (II) XINPUT: Adding extended input device "ThinkPad Extra Buttons" (type: KEYBOARD, id 13)
[ 10066.938] (II) event6  - ThinkPad Extra Buttons: is tagged by udev as: Keyboard Switch
[ 10066.938] (II) event6  - ThinkPad Extra Buttons: device is a keyboard
[ 10067.035] (II) modeset(0): EDID vendor "LGD", prod id 931
[ 10067.035] (II) modeset(0): Printing DDC gathered Modelines:
[ 10067.035] (II) modeset(0): Modeline "1366x768"x0.0   69.70  1366 1414 1446 1470  768 770 775 790 +hsync -vsync (47.4 kHz eP)
[ 10068.283] (II) modeset(0): EDID vendor "LGD", prod id 931
[ 10068.283] (II) modeset(0): Printing DDC gathered Modelines:
[ 10068.283] (II) modeset(0): Modeline "1366x768"x0.0   69.70  1366 1414 1446 1470  768 770 775 790 +hsync -vsync (47.4 kHz eP)
